Arguments: 
  /home/gitpod/.nvm/versions/node/v14.17.5/bin/node /home/gitpod/.nvm/versions/node/v14.17.5/bin/yarn

PATH: 
  /home/gitpod/.sdkman/candidates/maven/current/bin:/home/gitpod/.sdkman/candidates/java/current/bin:/home/gitpod/.sdkman/candidates/gradle/current/bin:/home/gitpod/.rvm/gems/ruby-2.7.3/bin:/home/gitpod/.rvm/gems/ruby-2.7.3@global/bin:/home/gitpod/.rvm/rubies/ruby-2.7.3/bin:/home/gitpod/.pyenv/plugins/pyenv-virtualenv/shims:/workspace/.cargo/bin:/workspace/.pip-modules/bin:/workspace/.rvm/bin:/ide/bin:/workspace/.cargo/bin:/workspace/.rvm/bin:/workspace/.pip-modules/bin:/home/gitpod/.pyenv/bin:/home/gitpod/.pyenv/shims:/workspace/go/bin:/home/gitpod/go/bin:/home/gitpod/go-packages/bin:/usr/local/sbin:/usr/local/bin:/usr/sbin:/usr/bin:/sbin:/bin:/home/linuxbrew/.linuxbrew/bin:/home/linuxbrew/.linuxbrew/sbin/:/home/gitpod/.nvm/versions/node/v14.17.5/bin:/home/gitpod/.cargo/bin:/usr/games:/usr/games:/home/gitpod/.nvm/versions/node/v14.17.5/bin:/home/gitpod/.rvm/bin

Yarn version: 
  1.22.11

Node version: 
  14.17.5

Platform: 
  linux x64

Trace: 
  Error: https://registry.npmjs.org/@types/node/-/node-16.7.7.tgz: ENOENT: no such file or directory, open '/home/gitpod/.cache/yarn/v6/npm-@types-node-16.7.7-73b345af160b495716cf7e2b54b68f701320f08b-integrity/node_modules/@types/node/.yarn-tarball.tgz'

npm manifest: 
  {
     "name": "client",
     "version": "0.1.0",
     "private": true,
     "dependencies": {
        "@reduxjs/toolkit": "^1.6.1",
        "@types/jest": "^26.0.15",
        "@types/node": "^12.0.0",
        "@types/react": "^17.0.0",
        "@types/react-dom": "^17.0.0",
        "http-proxy-middleware": "^2.0.1",
        "react": "^17.0.2",
        "react-dom": "^17.0.2",
        "react-scripts": "4.0.3",
        "react-use": "^17.2.4",
        "redux": "^4.1.1",
        "sass": "^1.37.5",
        "socket.io-client": "^4.1.3",
        "typescript": "^4.1.2",
        "typescript-plugin-css-modules": "^3.4.0",
        "react-icons": "^4.2.0",
        "react-redux": "^7.2.4"
     },
     "scripts": {
        "start": "react-scripts start",
        "build": "react-scripts build",
        "test": "react-scripts test",
        "eject": "react-scripts eject"
     },
     "eslintConfig": {
        "extends": [
           "react-app",
           "react-app/jest"
        ]
     },
     "browserslist": {
        "production": [
           ">0.2%",
           "not dead",
           "not op_mini all"
        ],
        "development": [
           "last 1 chrome version",
           "last 1 firefox version",
           "last 1 safari version"
        ]
     }
  }

yarn manifest: 
  No manifest

Lockfile: 
  No lockfile
